2024-05-21 11:23:00 Loading main app package /usr/lib/obsidian/obsidian.asar
2024-05-21 11:23:00 Checking for update using Github
2024-05-21 11:23:00 Success.
2024-05-21 11:23:00 Latest version is 1.5.12
2024-05-21 11:23:00 App is up to date.
2024-05-21 12:23:00 Checking for update using Github
2024-05-21 12:23:00 Success.
2024-05-21 12:23:00 Latest version is 1.5.12
2024-05-21 12:23:00 App is up to date.
2024-05-21 13:23:00 Checking for update using Github
2024-05-21 13:23:00 Success.
2024-05-21 13:23:00 Latest version is 1.5.12
2024-05-21 13:23:00 App is up to date.
2024-05-21 14:23:00 Checking for update using Github
2024-05-21 14:23:00 Success.
2024-05-21 14:23:00 Latest version is 1.5.12
2024-05-21 14:23:00 App is up to date.
2024-05-21 15:23:00 Checking for update using Github
2024-05-21 15:23:00 Success.
2024-05-21 15:23:00 Latest version is 1.5.12
2024-05-21 15:23:00 App is up to date.
